CPU Reset (CPU 0)
EAX=00000000 EBX=00000000 ECX=00000000 EDX=00000000
ESI=00000000 EDI=00000000 EBP=00000000 ESP=00000000
EIP=00000000 EFL=00000000 [-------] CPL=0 II=0 A20=0 SMM=0 HLT=0
ES =0000 00000000 00000000 00000000
CS =0000 00000000 00000000 00000000
SS =0000 00000000 00000000 00000000
DS =0000 00000000 00000000 00000000
FS =0000 00000000 00000000 00000000
GS =0000 00000000 00000000 00000000
LDT=0000 00000000 00000000 00000000
TR =0000 00000000 00000000 00000000
GDT=     00000000 00000000
IDT=     00000000 00000000
CR0=00000000 CR2=00000000 CR3=00000000 CR4=00000000
DR0=0000000000000000 DR1=0000000000000000 DR2=0000000000000000 DR3=0000000000000000 
DR6=0000000000000000 DR7=0000000000000000
CCS=00000000 CCD=00000000 CCO=DYNAMIC
EFER=0000000000000000
FCW=0000 FSW=0000 [ST=0] FTW=ff MXCSR=00000000
FPR0=0000000000000000 0000 FPR1=0000000000000000 0000
FPR2=0000000000000000 0000 FPR3=0000000000000000 0000
FPR4=0000000000000000 0000 FPR5=0000000000000000 0000
FPR6=0000000000000000 0000 FPR7=0000000000000000 0000
XMM00=0000000000000000 0000000000000000 XMM01=0000000000000000 0000000000000000
XMM02=0000000000000000 0000000000000000 XMM03=0000000000000000 0000000000000000
XMM04=0000000000000000 0000000000000000 XMM05=0000000000000000 0000000000000000
XMM06=0000000000000000 0000000000000000 XMM07=0000000000000000 0000000000000000
CPU Reset (CPU 0)
EAX=00000000 EBX=00000000 ECX=00000000 EDX=00060fb1
ESI=00000000 EDI=00000000 EBP=00000000 ESP=00000000
EIP=0000fff0 EFL=00000002 [-------] CPL=0 II=0 A20=1 SMM=0 HLT=0
ES =0000 00000000 0000ffff 00009300
CS =f000 ffff0000 0000ffff 00009b00
SS =0000 00000000 0000ffff 00009300
DS =0000 00000000 0000ffff 00009300
FS =0000 00000000 0000ffff 00009300
GS =0000 00000000 0000ffff 00009300
LDT=0000 00000000 0000ffff 00008200
TR =0000 00000000 0000ffff 00008b00
GDT=     00000000 0000ffff
IDT=     00000000 0000ffff
CR0=60000010 CR2=00000000 CR3=00000000 CR4=00000000
DR0=0000000000000000 DR1=0000000000000000 DR2=0000000000000000 DR3=0000000000000000 
DR6=00000000ffff0ff0 DR7=0000000000000400
CCS=00000000 CCD=00000000 CCO=DYNAMIC
EFER=0000000000000000
FCW=037f FSW=0000 [ST=0] FTW=00 MXCSR=00001f80
FPR0=0000000000000000 0000 FPR1=0000000000000000 0000
FPR2=0000000000000000 0000 FPR3=0000000000000000 0000
FPR4=0000000000000000 0000 FPR5=0000000000000000 0000
FPR6=0000000000000000 0000 FPR7=0000000000000000 0000
XMM00=0000000000000000 0000000000000000 XMM01=0000000000000000 0000000000000000
XMM02=0000000000000000 0000000000000000 XMM03=0000000000000000 0000000000000000
XMM04=0000000000000000 0000000000000000 XMM05=0000000000000000 0000000000000000
XMM06=0000000000000000 0000000000000000 XMM07=0000000000000000 0000000000000000
Servicing hardware INT=0x08
Servicing hardware INT=0x08
Servicing hardware INT=0x08
Servicing hardware INT=0x08
Servicing hardware INT=0x08
Servicing hardware INT=0x08
Servicing hardware INT=0x08
Servicing hardware INT=0x08
Servicing hardware INT=0x08
Servicing hardware INT=0x08
Servicing hardware INT=0x08
Servicing hardware INT=0x09
Servicing hardware INT=0x08
check_exception old: 0xffffffff new 0x0
     0: v=00 e=0000 i=0 cpl=0 IP=0008:ffffffff800018cd pc=ffffffff800018cd SP=0010:ffff800007f5ef60 env->regs[R_EAX]=0000000000000005
RAX=0000000000000005 RBX=ffff800007f5efd0 RCX=0000000000000000 RDX=0000000000000000
RSI=0000000000000072 RDI=ffffffff80016000 RBP=0000000000000000 RSP=ffff800007f5ef60
R8 =0000000000000000 R9 =0000000000000000 R10=0000000000000000 R11=0000000000000000
R12=0000000000000000 R13=0000000000000000 R14=0000000000000000 R15=0000000000000000
RIP=ffffffff800018cd RFL=00000046 [---Z-P-] CPL=0 II=0 A20=1 SMM=0 HLT=0
ES =0010 0000000000000000 00000fff 00809700 DPL=0 DS   [EWA]
CS =0008 0000000000000000 00000fff 00a09b00 DPL=0 CS64 [-RA]
SS =0010 0000000000000000 00000fff 00809700 DPL=0 DS   [EWA]
DS =0010 0000000000000000 00000fff 00809700 DPL=0 DS   [EWA]
FS =0010 0000000000000000 00000fff 00809700 DPL=0 DS   [EWA]
GS =0010 0000000000000000 00000fff 00809700 DPL=0 DS   [EWA]
LDT=0000 0000000000000000 00000000 00008200 DPL=0 LDT
TR =0000 0000000000000000 0000ffff 00008b00 DPL=0 TSS64-busy
GDT=     ffffffff80014ed0 00000017
IDT=     0000000000000000 00000000
CR0=80010011 CR2=0000000000000000 CR3=0000000007f4e000 CR4=00000020
DR0=0000000000000000 DR1=0000000000000000 DR2=0000000000000000 DR3=0000000000000000 
DR6=00000000ffff0ff0 DR7=0000000000000400
CCS=0000000000000007 CCD=0000000000000000 CCO=SUBQ
EFER=0000000000000d00
check_exception old: 0x0 new 0xd
     1: v=08 e=0000 i=0 cpl=0 IP=0008:ffffffff800018cd pc=ffffffff800018cd SP=0010:ffff800007f5ef60 env->regs[R_EAX]=0000000000000005
RAX=0000000000000005 RBX=ffff800007f5efd0 RCX=0000000000000000 RDX=0000000000000000
RSI=0000000000000072 RDI=ffffffff80016000 RBP=0000000000000000 RSP=ffff800007f5ef60
R8 =0000000000000000 R9 =0000000000000000 R10=0000000000000000 R11=0000000000000000
R12=0000000000000000 R13=0000000000000000 R14=0000000000000000 R15=0000000000000000
RIP=ffffffff800018cd RFL=00000046 [---Z-P-] CPL=0 II=0 A20=1 SMM=0 HLT=0
ES =0010 0000000000000000 00000fff 00809700 DPL=0 DS   [EWA]
CS =0008 0000000000000000 00000fff 00a09b00 DPL=0 CS64 [-RA]
SS =0010 0000000000000000 00000fff 00809700 DPL=0 DS   [EWA]
DS =0010 0000000000000000 00000fff 00809700 DPL=0 DS   [EWA]
FS =0010 0000000000000000 00000fff 00809700 DPL=0 DS   [EWA]
GS =0010 0000000000000000 00000fff 00809700 DPL=0 DS   [EWA]
LDT=0000 0000000000000000 00000000 00008200 DPL=0 LDT
TR =0000 0000000000000000 0000ffff 00008b00 DPL=0 TSS64-busy
GDT=     ffffffff80014ed0 00000017
IDT=     0000000000000000 00000000
CR0=80010011 CR2=0000000000000000 CR3=0000000007f4e000 CR4=00000020
DR0=0000000000000000 DR1=0000000000000000 DR2=0000000000000000 DR3=0000000000000000 
DR6=00000000ffff0ff0 DR7=0000000000000400
CCS=0000000000000007 CCD=0000000000000000 CCO=SUBQ
EFER=0000000000000d00
check_exception old: 0x8 new 0xd
Triple fault
